0 info it worked if it ends with ok
1 verbose cli [ '/usr/local/Cellar/node/5.9.1/bin/node',
1 verbose cli   '/usr/local/bin/npm',
1 verbose cli   'run',
1 verbose cli   'prefix' ]
2 info using npm@4.1.2
3 info using node@v7.4.0
4 verbose run-script [ 'prefix' ]
5 info lifecycle iscpt@1.0.0~prefix: iscpt@1.0.0
6 verbose lifecycle iscpt@1.0.0~prefix: unsafe-perm in lifecycle true
7 verbose lifecycle iscpt@1.0.0~prefix: PATH: /usr/local/lib/node_modules/npm/bin/node-gyp-bin:/Users/coreytegeler/Sites/iscp/iscp-nyc.org/wp-content/themes/iscpt/node_modules/.bin:/usr/local/lib/node_modules/npm/bin/node-gyp-bin:/Users/coreytegeler/Sites/iscp/iscp-nyc.org/wp-content/themes/iscpt/node_modules/.bin:/opt/local/bin:/opt/local/sbin:/usr/local/bin:/usr/local/share/npm/bin:/usr/local/bin:/usr/local/heroku/bin:/usr/local/git/bin:/usr/local/bin:/usr/bin:/bin:/usr/sbin:~/src/stagecoach/bin:/usr/local/MacGPG2/bin:/usr/local/mysql/bin:/User/coreytegeler/src/stagecoach/bin
8 verbose lifecycle iscpt@1.0.0~prefix: CWD: /Users/coreytegeler/Sites/iscp/iscp-nyc.org/wp-content/themes/iscpt
9 silly lifecycle iscpt@1.0.0~prefix: Args: [ '-c',
9 silly lifecycle   'postcss -w -u autoprefixer assets/css/prestyles.css -o assets/css/styles.css' ]
10 silly lifecycle iscpt@1.0.0~prefix: Returned: code: 1  signal: null
11 info lifecycle iscpt@1.0.0~prefix: Failed to exec prefix script
12 verbose stack Error: iscpt@1.0.0 prefix: `postcss -w -u autoprefixer assets/css/prestyles.css -o assets/css/styles.css`
12 verbose stack Exit status 1
12 verbose stack     at EventEmitter.<anonymous> (/usr/local/lib/node_modules/npm/lib/utils/lifecycle.js:279:16)
12 verbose stack     at emitTwo (events.js:106:13)
12 verbose stack     at EventEmitter.emit (events.js:191:7)
12 verbose stack     at ChildProcess.<anonymous> (/usr/local/lib/node_modules/npm/lib/utils/spawn.js:40:14)
12 verbose stack     at emitTwo (events.js:106:13)
12 verbose stack     at ChildProcess.emit (events.js:191:7)
12 verbose stack     at maybeClose (internal/child_process.js:885:16)
12 verbose stack     at Process.ChildProcess._handle.onexit (internal/child_process.js:226:5)
13 verbose pkgid iscpt@1.0.0
14 verbose cwd /Users/coreytegeler/Sites/iscp/iscp-nyc.org/wp-content/themes/iscpt
15 error Darwin 16.5.0
16 error argv "/usr/local/Cellar/node/5.9.1/bin/node" "/usr/local/bin/npm" "run" "prefix"
17 error node v7.4.0
18 error npm  v4.1.2
19 error code ELIFECYCLE
20 error iscpt@1.0.0 prefix: `postcss -w -u autoprefixer assets/css/prestyles.css -o assets/css/styles.css`
20 error Exit status 1
21 error Failed at the iscpt@1.0.0 prefix script 'postcss -w -u autoprefixer assets/css/prestyles.css -o assets/css/styles.css'.
21 error Make sure you have the latest version of node.js and npm installed.
21 error If you do, this is most likely a problem with the iscpt package,
21 error not with npm itself.
21 error Tell the author that this fails on your system:
21 error     postcss -w -u autoprefixer assets/css/prestyles.css -o assets/css/styles.css
21 error You can get information on how to open an issue for this project with:
21 error     npm bugs iscpt
21 error Or if that isn't available, you can get their info via:
21 error     npm owner ls iscpt
21 error There is likely additional logging output above.
22 verbose exit [ 1, true ]
